[Sun May 19 16:45:50 2024] [200]: GET /login.php
[Sun May 19 16:45:50 2024] [200]: GET /dist/css/adminlte.min.css
[Sun May 19 16:45:50 2024] [200]: GET /plugins/overlayScrollbars/css/OverlayScrollbars.css
[Sun May 19 16:45:50 2024] [200]: GET /plugins/fontawesome-free/css/all.min.css
[Sun May 19 16:45:50 2024] [200]: GET /plugins/bootstrap-colorpicker/css/bootstrap-colorpicker.min.css
[Sun May 19 16:45:50 2024] [200]: GET /plugins/daterangepicker/daterangepicker.css
[Sun May 19 16:45:50 2024] [200]: GET /dist/css/custom.css
[Sun May 19 16:45:51 2024] [200]: GET /plugins/jquery/jquery.min.js
[Sun May 19 16:45:51 2024] [200]: GET /plugins/bootstrap/js/bootstrap.bundle.min.js
[Sun May 19 16:45:51 2024] [200]: GET /dist/img/DynamicQRCode_Original.png
[Sun May 19 16:45:51 2024] [200]: GET /dist/js/adminlte.js
[Sun May 19 16:45:51 2024] [200]: GET /plugins/fontawesome-free/webfonts/fa-solid-900.woff2
[Sun May 19 16:45:52 2024] [404]: GET /cart.json - No such file or directory
[Sun May 19 16:45:52 2024] [404]: GET /favicon.ico - No such file or directory
[Sun May 19 16:46:10 2024] [302]: POST /authenticate.php
[Sun May 19 16:46:10 2024] [200]: GET /login.php
[Sun May 19 16:46:10 2024] [200]: GET /plugins/fontawesome-free/css/all.min.css
[Sun May 19 16:46:10 2024] [200]: GET /plugins/bootstrap-colorpicker/css/bootstrap-colorpicker.min.css
[Sun May 19 16:46:10 2024] [200]: GET /dist/css/adminlte.min.css
[Sun May 19 16:46:10 2024] [200]: GET /plugins/daterangepicker/daterangepicker.css
[Sun May 19 16:46:10 2024] [200]: GET /plugins/overlayScrollbars/css/OverlayScrollbars.css
[Sun May 19 16:46:10 2024] [200]: GET /dist/css/custom.css
[Sun May 19 16:46:10 2024] [200]: GET /dist/img/DynamicQRCode_Original.png
[Sun May 19 16:46:10 2024] [200]: GET /plugins/jquery/jquery.min.js
[Sun May 19 16:46:10 2024] [200]: GET /plugins/bootstrap/js/bootstrap.bundle.min.js
[Sun May 19 16:46:10 2024] [200]: GET /dist/js/adminlte.js
[Sun May 19 16:46:10 2024] [200]: GET /plugins/fontawesome-free/webfonts/fa-solid-900.woff2
[Sun May 19 16:46:10 2024] [404]: GET /cart.json - No such file or directory
[Sun May 19 16:46:54 2024] [302]: POST /authenticate.php
[Sun May 19 16:46:55 2024] [200]: GET /index.php
[Sun May 19 16:46:55 2024] [200]: GET /plugins/fontawesome-free/css/all.min.css
[Sun May 19 16:46:55 2024] [200]: GET /dist/css/adminlte.min.css
[Sun May 19 16:46:55 2024] [200]: GET /dist/css/custom.css
[Sun May 19 16:46:55 2024] [200]: GET /plugins/bootstrap-colorpicker/css/bootstrap-colorpicker.min.css
[Sun May 19 16:46:55 2024] [200]: GET /plugins/daterangepicker/daterangepicker.css
[Sun May 19 16:46:55 2024] [200]: GET /plugins/overlayScrollbars/css/OverlayScrollbars.css
[Sun May 19 16:46:55 2024] [200]: GET /dist/img/Symbol_WhiteBlue.png
[Sun May 19 16:46:55 2024] [200]: GET /plugins/jquery/jquery.min.js
[Sun May 19 16:46:55 2024] [200]: GET /dist/js/custom.js?nocache=80043023
[Sun May 19 16:46:55 2024] [200]: GET /dist/js/adminlte.js
[Sun May 19 16:46:55 2024] [200]: GET /plugins/overlayScrollbars/js/OverlayScrollbars.js
[Sun May 19 16:46:55 2024] [200]: GET /plugins/bootstrap/js/bootstrap.bundle.min.js
[Sun May 19 16:46:55 2024] [200]: GET /plugins/daterangepicker/daterangepicker.js
[Sun May 19 16:46:55 2024] [200]: GET /plugins/chart.js/Chart.min.js
[Sun May 19 16:46:55 2024] [200]: GET /plugins/bootstrap-colorpicker/js/bootstrap-colorpicker.min.js
[Sun May 19 16:46:55 2024] [200]: GET /plugins/fontawesome-free/webfonts/fa-solid-900.woff2
[Sun May 19 16:46:55 2024] [404]: GET /cart.json - No such file or directory
[Sun May 19 16:47:13 2024] [200]: GET /plugins/fontawesome-free/webfonts/fa-regular-400.woff2
[Sun May 19 16:47:18 2024] [200]: GET /users.php
[Sun May 19 16:47:36 2024] [200]: GET /dynamic_qrcodes.php
[Sun May 19 16:47:36 2024] [200]: GET /saved_qrcode/Facebook.png
[Sun May 19 16:47:36 2024] [200]: GET /plugins/jquery/jquery.min.js
[Sun May 19 16:47:36 2024] [200]: GET /saved_qrcode/Apple.jpg
[Sun May 19 16:47:54 2024] [200]: GET /dynamic_qrcode.php
[Sun May 19 16:47:54 2024] [200]: GET /dist/css/custom.css
[Sun May 19 16:47:54 2024] [200]: GET /dist/img/Symbol_WhiteBlue.png
[Sun May 19 16:47:54 2024] [200]: GET /plugins/bootstrap/js/bootstrap.bundle.min.js
[Sun May 19 16:47:54 2024] [200]: GET /dist/js/custom.js?nocache=1481617679
[Sun May 19 16:48:11 2024] [302]: POST /dynamic_qrcode.php
[Sun May 19 16:48:11 2024] [200]: GET /dynamic_qrcodes.php
[Sun May 19 16:48:11 2024] [200]: GET /plugins/bootstrap-colorpicker/css/bootstrap-colorpicker.min.css
[Sun May 19 16:48:11 2024] [200]: GET /dist/css/custom.css
[Sun May 19 16:48:11 2024] [200]: GET /plugins/daterangepicker/daterangepicker.css
[Sun May 19 16:48:11 2024] [200]: GET /plugins/overlayScrollbars/css/OverlayScrollbars.css
[Sun May 19 16:48:11 2024] [200]: GET /dist/img/Symbol_WhiteBlue.png
[Sun May 19 16:48:11 2024] [200]: GET /plugins/daterangepicker/daterangepicker.js
[Sun May 19 16:48:11 2024] [200]: GET /saved_qrcode/Google.png
[Sun May 19 17:16:40 2024] [200]: GET /plugins/daterangepicker/daterangepicker.js
[Sun May 19 17:16:40 2024] [200]: GET /plugins/overlayScrollbars/js/OverlayScrollbars.js
[Sun May 19 17:16:40 2024] [200]: GET /saved_qrcode/Pay%20here.png
[Sun May 19 17:16:40 2024] [200]: GET /saved_qrcode/Free%20wifi.png
[Sun May 19 17:16:40 2024] [200]: GET /saved_qrcode/Send%20BTC.jpg
[Sun May 19 17:16:40 2024] [200]: GET /saved_qrcode/Boat%20party.png
[Sun May 19 17:16:40 2024] [200]: GET /saved_qrcode/Save%20me.svg
[Sun May 21 10:16:40 2024] [200]: GET /saved_qrcode/demain.svg
[Sun May 21 10:48:11 2024] [200]: GET /dist/css/custom.css
[Sun May 21 10:49:54 2024] [200]: GET /dynamic_qrcode.php
[Sun May 21 10:56:40 2024] [200]: GET /saved_qrcode/Pay%20here.png
[Sun May 21 10:57:54 2024] [200]: GET /dist/js/custom.js?nocache=1481617679
[Sun May 21 11:10:11 2024] [200]: GET /saved_qrcode/Google.png
[Sun May 21 11:11:40 2024] [200]: GET /plugins/daterangepicker/daterangepicker.js
[Sun May 21 11:12:52 2024] [404]: GET /favicon.ico - No such file or directory
[Sun May 21 11:13:10 2024] [302]: POST /authenticate.php
[Sun May 21 11:33:11 2024] [200]: GET /plugins/bootstrap-colorpicker/css/bootstrap-colorpicker.min.css
[Sun May 21 11:37:36 2024] [200]: GET /saved_qrcode/Apple.jpg
[Sun May 19 18:15:11 2024] [200]: GET /plugins/overlayScrollbars/css/OverlayScrollbars.css